# JRE version: Java(TM) SE Runtime Environment (21.0.6+8) (build 21.0.6+8-LTS-188)
# Java VM: Java HotSpot(TM) 64-Bit Server VM (21.0.6+8-LTS-188, mixed mode, sharing, tiered, compressed oops, compressed class ptrs, g1 gc, windows-amd64)
GC Precious Log:
 CardTable entry size: 512
 Card Set container configuration: InlinePtr #cards 5 size 8 Array Of Cards #cards 12 size 40 Howl #buckets 4 coarsen threshold 1843 Howl Bitmap #cards 512 size 80 coarsen threshold 460 Card regions per heap region 1 cards per card region 2048
 CPUs: 8 total, 8 available
 Memory: 7934M
 Large Page Support: Disabled
 NUMA Support: Disabled
 Compressed Oops: Enabled (32-bit)
 Heap Region Size: 1M
 Heap Min Capacity: 8M
 Heap Initial Capacity: 124M
 Heap Max Capacity: 1984M
 Pre-touch: Disabled
 Parallel Workers: 8
 Concurrent Workers: 2
 Concurrent Refinement Workers: 8
 Periodic GC: Disabled
Heap:
 garbage-first heap   total 120832K, used 69632K [0x0000000084000000, 0x0000000100000000)
  region size 1024K, 29 young (29696K), 3 survivors (3072K)
 Metaspace       used 31713K, committed 32192K, reserved 1114112K
  class space    used 3547K, committed 3776K, reserved 1048576K
GC Heap History (14 events):
Event: 0.812 GC heap before
{Heap before GC invocations=0 (full 0):
 garbage-first heap   total 126976K, used 22528K [0x0000000084000000, 0x0000000100000000)
  region size 1024K, 23 young (23552K), 0 survivors (0K)
 Metaspace       used 5687K, committed 5888K, reserved 1114112K
  class space    used 659K, committed 768K, reserved 1048576K
}
Event: 0.825 GC heap after
{Heap after GC invocations=1 (full 0):
 garbage-first heap   total 126976K, used 3695K [0x0000000084000000, 0x0000000100000000)
  region size 1024K, 3 young (3072K), 3 survivors (3072K)
 Metaspace       used 5687K, committed 5888K, reserved 1114112K
  class space    used 659K, committed 768K, reserved 1048576K
}
Event: 1.645 GC heap before
{Heap before GC invocations=1 (full 0):
 garbage-first heap   total 126976K, used 34415K [0x0000000084000000, 0x0000000100000000)
  region size 1024K, 33 young (33792K), 3 survivors (3072K)
 Metaspace       used 10208K, committed 10368K, reserved 1114112K
  class space    used 1203K, committed 1280K, reserved 1048576K
}
Event: 1.654 GC heap after
{Heap after GC invocations=2 (full 0):
 garbage-first heap   total 126976K, used 5701K [0x0000000084000000, 0x0000000100000000)
  region size 1024K, 2 young (2048K), 2 survivors (2048K)
 Metaspace       used 10208K, committed 10368K, reserved 1114112K
  class space    used 1203K, committed 1280K, reserved 1048576K
}
Event: 3.925 GC heap before
{Heap before GC invocations=2 (full 0):
 garbage-first heap   total 126976K, used 79429K [0x0000000084000000, 0x0000000100000000)
  region size 1024K, 74 young (75776K), 2 survivors (2048K)
 Metaspace       used 16031K, committed 16320K, reserved 1114112K
  class space    used 1847K, committed 1984K, reserved 1048576K
}
Event: 3.956 GC heap after
{Heap after GC invocations=3 (full 0):
 garbage-first heap   total 126976K, used 14102K [0x0000000084000000, 0x0000000100000000)
  region size 1024K, 10 young (10240K), 10 survivors (10240K)
 Metaspace       used 16031K, committed 16320K, reserved 1114112K
  class space    used 1847K, committed 1984K, reserved 1048576K
}
Event: 5.515 GC heap before
{Heap before GC invocations=3 (full 0):
 garbage-first heap   total 126976K, used 79638K [0x0000000084000000, 0x0000000100000000)
  region size 1024K, 74 young (75776K), 10 survivors (10240K)
 Metaspace       used 17805K, committed 18112K, reserved 1114112K
  class space    used 1993K, committed 2176K, reserved 1048576K
}
Event: 5.545 GC heap after
{Heap after GC invocations=4 (full 0):
 garbage-first heap   total 126976K, used 16896K [0x0000000084000000, 0x0000000100000000)
  region size 1024K, 4 young (4096K), 4 survivors (4096K)
 Metaspace       used 17805K, committed 18112K, reserved 1114112K
  class space    used 1993K, committed 2176K, reserved 1048576K
}
Event: 6.353 GC heap before
{Heap before GC invocations=4 (full 0):
 garbage-first heap   total 126976K, used 49664K [0x0000000084000000, 0x0000000100000000)
  region size 1024K, 30 young (30720K), 4 survivors (4096K)
 Metaspace       used 21181K, committed 21504K, reserved 1114112K
  class space    used 2378K, committed 2560K, reserved 1048576K
}
Event: 6.370 GC heap after
{Heap after GC invocations=5 (full 0):
 garbage-first heap   total 152576K, used 27648K [0x0000000084000000, 0x0000000100000000)
  region size 1024K, 8 young (8192K), 8 survivors (8192K)
 Metaspace       used 21181K, committed 21504K, reserved 1114112K
  class space    used 2378K, committed 2560K, reserved 1048576K
}
Event: 7.986 GC heap before
{Heap before GC invocations=6 (full 0):
 garbage-first heap   total 96256K, used 96256K [0x0000000084000000, 0x0000000100000000)
  region size 1024K, 74 young (75776K), 8 survivors (8192K)
 Metaspace       used 27130K, committed 27520K, reserved 1114112K
  class space    used 3025K, committed 3200K, reserved 1048576K
}
Event: 8.035 GC heap after
{Heap after GC invocations=7 (full 0):
 garbage-first heap   total 120832K, used 41816K [0x0000000084000000, 0x0000000100000000)
  region size 1024K, 12 young (12288K), 12 survivors (12288K)
 Metaspace       used 27130K, committed 27520K, reserved 1114112K
  class space    used 3025K, committed 3200K, reserved 1048576K
}
Event: 11.738 GC heap before
{Heap before GC invocations=7 (full 0):
 garbage-first heap   total 120832K, used 96088K [0x0000000084000000, 0x0000000100000000)
  region size 1024K, 66 young (67584K), 12 survivors (12288K)
 Metaspace       used 29930K, committed 30400K, reserved 1114112K
  class space    used 3341K, committed 3584K, reserved 1048576K
}
Event: 11.764 GC heap after
{Heap after GC invocations=8 (full 0):
 garbage-first heap   total 120832K, used 44032K [0x0000000084000000, 0x0000000100000000)
  region size 1024K, 3 young (3072K), 3 survivors (3072K)
 Metaspace       used 29930K, committed 30400K, reserved 1114112K
  class space    used 3341K, committed 3584K, reserved 1048576K
}

